<?xml version="1.0" encoding="UTF-8"?>
<!-- Generated by org.testng.reporters.JUnitXMLReporter -->
<testsuite hostname="SINDIYA-DIPIN" ignored="0" name="Regression1" tests="1" failures="1" timestamp="2020-07-04T20:01:34 IST" time="0.059" errors="0">
  <testcase name="testFail" time="0.01" classname="testng.files.AssertionsTest">
    <failure type="java.lang.AssertionError" message="Test failed message">
      <![CDATA[java.lang.AssertionError: Test failed message
at testng.files.AssertionsTest.testFail(AssertionsTest.java:9)
at java.util.ArrayList.forEach(ArrayList.java:1249)
... Removed 27 stack frames]]>
    </failure>
  </testcase> <!-- testFail -->
</testsuite> <!-- Regression1 -->
